SF:lib\app\modules\inventory\entity\product.g.dart
DA:9,1
DA:10,1
DA:11,1
DA:12,1
DA:13,1
DA:14,2
DA:15,1
DA:16,1
DA:20,0
DA:21,0
DA:22,0
DA:23,0
DA:24,0
DA:25,0
DA:26,0
LF:15
LH:8
end_of_record
SF:lib\app\modules\inventory\entity\product.dart
DA:17,1
DA:26,1
DA:34,2
DA:36,0
LF:4
LH:3
end_of_record
SF:lib\app\modules\overview\core\overview_widget_keys.dart
DA:4,3
DA:5,3
LF:2
LH:2
end_of_record
SF:lib\app_driver.dart
DA:11,0
DA:12,0
DA:20,1
DA:22,3
DA:23,0
DA:24,0
DA:26,1
DA:29,5
DA:31,1
LF:9
LH:5
end_of_record
SF:lib\app\modules\cart\controller\cart_controller.dart
DA:16,1
DA:18,1
DA:19,1
DA:20,1
DA:23,1
DA:24,2
DA:27,1
DA:28,2
DA:29,1
DA:32,1
DA:33,2
DA:34,1
DA:37,1
DA:38,4
DA:39,4
DA:42,1
DA:43,2
DA:44,1
DA:47,1
DA:48,2
DA:49,1
DA:52,1
DA:53,1
DA:54,1
DA:55,1
DA:58,1
DA:59,2
DA:62,1
DA:63,2
LF:29
LH:29
end_of_record
SF:lib\app\modules\orders\entity\order.g.dart
DA:9,1
DA:10,1
DA:11,1
DA:12,1
DA:13,1
DA:14,1
DA:15,3
DA:16,1
DA:20,0
DA:21,0
DA:22,0
DA:23,0
DA:24,0
LF:13
LH:8
end_of_record
SF:lib\app\modules\orders\entity\order.dart
DA:17,1
DA:19,2
DA:21,0
DA:23,0
DA:24,0
DA:25,0
DA:26,0
DA:27,0
LF:8
LH:2
end_of_record
SF:lib\app\modules\cart\components\dismissible_cart_item.dart
DA:16,1
DA:18,1
DA:19,1
DA:20,3
DA:21,1
DA:24,1
DA:25,1
DA:26,1
DA:27,1
DA:28,2
DA:31,1
DA:32,3
DA:33,3
DA:34,2
DA:35,6
DA:39,1
DA:40,1
DA:41,1
DA:42,1
DA:43,1
DA:44,1
DA:45,1
DA:46,1
DA:47,5
DA:48,3
DA:49,5
DA:50,4
DA:52,1
DA:53,1
DA:55,2
DA:56,1
DA:57,4
DA:59,1
DA:60,1
DA:61,1
DA:66,1
DA:67,1
DA:68,3
DA:69,1
LF:39
LH:39
end_of_record
SF:lib\app\modules\cart\view\cart_view.dart
DA:17,1
DA:19,1
DA:20,2
DA:22,1
DA:23,1
DA:24,1
DA:25,3
DA:27,1
DA:28,1
DA:29,1
DA:30,2
DA:31,1
DA:32,1
DA:33,2
DA:34,1
DA:35,2
DA:36,1
DA:37,2
DA:38,1
DA:39,1
DA:40,2
DA:41,1
DA:42,1
DA:44,2
DA:45,1
DA:46,1
DA:47,3
DA:48,1
DA:49,3
DA:50,1
DA:51,1
DA:52,2
DA:53,2
DA:54,1
DA:55,1
DA:56,1
DA:57,2
DA:58,4
DA:59,2
DA:60,2
DA:62,2
DA:63,1
DA:64,1
DA:65,5
DA:66,1
DA:67,1
DA:68,3
DA:69,1
DA:70,1
DA:71,4
DA:79,1
DA:80,1
DA:81,1
DA:83,1
DA:84,2
DA:85,2
DA:86,5
DA:91,1
DA:92,2
DA:93,1
DA:94,1
DA:96,4
DA:97,1
DA:99,1
DA:100,3
DA:101,2
DA:103,2
DA:104,1
DA:107,2
DA:109,4
DA:110,4
DA:111,1
DA:112,0
LF:73
LH:72
end_of_record
SF:lib\app\modules\overview\view\overview_view.dart
DA:14,1
DA:15,2
DA:16,1
DA:18,1
DA:19,1
DA:20,1
DA:21,2
DA:22,4
DA:23,1
DA:24,1
DA:25,2
DA:26,1
DA:28,1
DA:29,1
DA:30,2
DA:31,2
DA:32,3
DA:33,1
DA:35,1
LF:19
LH:19
end_of_record
SF:lib\app\modules\inventory\controller\inventory_controller.dart
DA:12,1
DA:15,1
DA:18,3
DA:19,1
DA:20,1
DA:23,1
DA:24,4
DA:26,0
DA:27,2
DA:28,2
DA:29,1
DA:32,1
DA:33,2
DA:36,1
DA:37,2
DA:40,1
DA:42,4
DA:44,1
DA:48,1
DA:49,4
DA:52,1
DA:54,4
DA:55,1
DA:56,0
DA:61,4
DA:67,1
DA:68,4
DA:71,1
DA:72,4
DA:75,1
DA:76,2
DA:79,1
DA:80,2
LF:33
LH:31
end_of_record
SF:lib\app\modules\inventory\components\inventory_item.dart
DA:19,1
DA:25,1
DA:27,2
DA:28,2
DA:29,2
DA:31,1
DA:32,2
DA:33,2
DA:34,1
DA:35,1
DA:37,2
DA:38,1
DA:39,2
DA:41,1
DA:42,2
DA:43,2
DA:44,1
DA:45,2
DA:48,1
DA:49,4
DA:50,2
DA:51,2
DA:52,2
DA:53,2
DA:54,2
DA:56,1
DA:57,0
DA:61,2
LF:28
LH:27
end_of_record
SF:lib\app\modules\inventory\core\inventory_keys.dart
DA:19,3
DA:20,3
LF:2
LH:2
end_of_record
SF:lib\app\modules\inventory\view\inventory_edit_view.dart
DA:27,1
DA:28,1
DA:49,1
DA:51,2
DA:52,3
DA:53,1
DA:56,1
DA:58,1
DA:59,2
DA:61,2
DA:62,5
DA:63,4
DA:64,2
DA:67,2
DA:68,1
DA:70,1
DA:73,1
DA:75,2
DA:76,2
DA:77,3
DA:78,2
DA:79,2
DA:80,1
DA:83,1
DA:85,1
DA:86,1
DA:87,1
DA:88,2
DA:89,1
DA:90,1
DA:91,1
DA:93,2
DA:95,5
DA:96,0
DA:97,1
DA:98,1
DA:99,1
DA:100,1
DA:101,1
DA:102,2
DA:103,3
DA:104,1
DA:105,2
DA:109,2
DA:110,0
DA:111,3
DA:112,1
DA:113,3
DA:117,2
DA:118,0
DA:119,1
DA:120,4
DA:121,1
DA:123,3
DA:124,1
DA:125,2
DA:129,2
DA:130,0
DA:131,1
DA:132,2
DA:133,1
DA:136,1
DA:137,1
DA:138,1
DA:139,3
DA:140,2
DA:141,3
DA:142,1
DA:144,1
DA:145,3
DA:146,1
DA:147,2
DA:151,2
DA:152,0
DA:153,1
DA:154,1
DA:159,1
DA:160,2
DA:163,1
DA:164,1
DA:165,4
DA:167,2
DA:168,2
DA:171,2
DA:174,1
DA:176,3
DA:178,3
DA:180,2
DA:182,2
DA:183,2
DA:184,2
DA:186,1
DA:190,1
DA:192,4
DA:193,2
DA:194,2
DA:195,2
DA:196,2
DA:197,2
DA:198,1
DA:199,0
DA:200,0
DA:201,0
DA:206,1
DA:208,4
DA:209,2
DA:210,2
DA:211,2
DA:212,2
DA:213,2
DA:215,1
DA:216,0
DA:217,0
DA:223,0
DA:224,0
DA:227,1
DA:228,1
LF:117
LH:105
end_of_record
SF:lib\app\modules\inventory\view\inventory_view.dart
DA:16,1
DA:18,1
DA:20,1
DA:21,3
DA:22,1
DA:23,1
DA:25,3
DA:30,5
DA:31,1
DA:32,1
DA:33,2
DA:35,3
DA:36,0
DA:37,1
DA:38,3
DA:39,3
DA:40,1
DA:41,3
DA:42,1
DA:43,2
DA:45,1
LF:21
LH:20
end_of_record
SF:lib\app\modules\overview\components\overview_grid_item.dart
DA:21,1
DA:23,1
DA:25,5
DA:26,1
DA:27,1
DA:28,2
DA:29,1
DA:30,1
DA:31,1
DA:32,1
DA:33,1
DA:34,3
DA:35,1
DA:36,4
DA:37,3
DA:38,1
DA:39,3
DA:40,3
DA:41,3
DA:44,1
DA:45,1
DA:46,3
DA:47,2
DA:49,2
DA:51,0
DA:55,2
DA:56,6
DA:57,1
DA:58,3
DA:60,1
DA:61,3
DA:62,1
DA:65,3
DA:67,4
DA:68,1
DA:70,2
LF:36
LH:35
end_of_record
SF:lib\app\modules\orders\controller\orders_controller.dart
DA:12,1
DA:14,1
DA:15,3
DA:17,4
DA:18,2
DA:19,1
DA:20,2
DA:24,0
DA:25,0
DA:28,1
DA:29,2
DA:32,1
DA:33,2
LF:13
LH:11
end_of_record
SF:lib\app\core\components\progres_indicator.dart
DA:14,1
DA:16,1
DA:18,0
DA:20,1
DA:21,1
DA:25,1
DA:27,1
DA:28,3
DA:31,1
DA:32,1
DA:34,1
DA:35,3
DA:37,1
DA:38,4
DA:42,1
DA:44,1
DA:45,1
DA:46,5
DA:47,5
DA:49,2
DA:50,1
DA:51,6
LF:22
LH:21
end_of_record
SF:lib\app\modules\orders\components\order_collapsable_tile.dart
DA:14,1
DA:16,1
DA:18,1
DA:20,1
DA:21,1
DA:22,2
DA:23,1
DA:24,1
DA:25,2
DA:26,1
DA:28,4
DA:30,6
DA:31,1
DA:32,1
DA:33,4
DA:37,1
DA:39,1
DA:40,2
DA:41,2
DA:42,1
DA:43,4
DA:44,1
DA:45,1
DA:47,2
DA:48,1
DA:49,1
DA:50,1
DA:51,0
DA:52,0
DA:53,0
DA:54,0
DA:57,0
DA:58,0
DA:59,0
DA:60,0
DA:61,0
DA:62,0
DA:63,0
DA:65,0
DA:71,1
DA:72,2
DA:75,0
DA:76,0
DA:77,0
DA:80,0
DA:81,0
LF:46
LH:29
end_of_record
SF:lib\app\modules\orders\view\orders_view.dart
DA:14,1
DA:16,1
DA:18,2
DA:19,1
DA:20,2
DA:22,5
DA:23,1
DA:24,1
DA:25,1
DA:26,3
DA:27,1
DA:28,5
LF:12
LH:12
end_of_record
SF:lib\app\modules\overview\components\filter_favorite_enum.dart
DA:1,1
LF:1
LH:1
end_of_record
SF:lib\app\modules\overview\controller\overview_controller.dart
DA:13,1
DA:15,1
DA:17,2
DA:18,5
DA:19,1
DA:22,1
DA:23,4
DA:26,1
DA:27,2
DA:30,1
DA:31,2
DA:32,1
DA:34,3
DA:35,2
DA:36,2
DA:39,1
DA:41,2
DA:42,4
DA:43,1
DA:44,2
DA:50,4
DA:55,1
DA:56,2
DA:59,1
DA:60,4
DA:63,1
DA:64,2
DA:67,1
DA:68,2
DA:71,1
DA:72,2
DA:75,1
DA:76,2
LF:33
LH:33
end_of_record
SF:lib\app\modules\overview\service\overview_service.dart
DA:12,1
DA:14,1
DA:16,2
DA:19,1
DA:21,2
DA:24,1
DA:26,2
DA:27,1
DA:30,1
DA:32,4
DA:33,1
DA:34,1
DA:35,2
DA:36,1
DA:37,2
DA:40,1
DA:45,1
DA:48,5
DA:49,2
DA:50,1
DA:52,2
DA:54,1
DA:55,2
DA:56,2
DA:58,4
DA:59,1
DA:60,0
DA:61,0
DA:63,0
DA:64,0
DA:67,0
DA:69,1
DA:70,1
DA:75,1
DA:83,6
DA:84,2
DA:87,6
DA:88,1
DA:89,0
DA:92,1
DA:96,1
DA:100,5
DA:101,2
DA:104,5
DA:105,1
DA:106,0
DA:109,1
DA:113,1
DA:115,1
DA:116,1
DA:117,4
DA:119,4
DA:122,1
DA:124,2
DA:127,1
DA:129,2
DA:132,1
DA:134,5
DA:135,2
DA:138,1
DA:140,2
DA:141,2
DA:144,1
DA:145,2
DA:147,2
DA:148,1
DA:149,2
DA:152,1
DA:153,1
DA:156,1
DA:157,2
DA:158,2
LF:72
LH:65
end_of_record
SF:lib\app\modules\overview\view\overview_item_details_view.dart
DA:11,1
DA:13,1
DA:15,3
DA:16,1
DA:17,3
DA:18,1
DA:19,2
DA:20,1
DA:23,1
DA:24,1
DA:26,1
DA:28,1
DA:29,3
DA:30,1
DA:31,1
DA:32,1
DA:34,2
DA:36,3
LF:18
LH:18
end_of_record
SF:lib\app\core\properties\theme\dark_theme_controller.dart
DA:12,0
DA:13,0
DA:14,0
DA:15,0
LF:4
LH:0
end_of_record
SF:lib\app\modules\cart\repo\cart_repo_firebase.dart
DA:12,1
DA:14,1
DA:17,1
DA:19,3
DA:20,4
DA:21,6
DA:24,2
DA:25,6
DA:29,1
DA:32,3
DA:33,3
DA:35,1
DA:36,3
DA:37,3
DA:38,7
DA:41,1
DA:43,3
DA:46,1
DA:49,4
LF:19
LH:19
end_of_record
SF:lib\app\modules\cart\service\cart_service.dart
DA:9,1
DA:11,1
DA:12,2
DA:15,1
DA:16,2
DA:20,1
DA:21,2
DA:25,1
DA:26,2
DA:29,1
DA:30,2
DA:33,1
DA:35,3
DA:36,4
DA:41,1
DA:43,5
LF:16
LH:16
end_of_record
SF:lib\app\modules\orders\service\orders_service.dart
DA:11,1
DA:13,1
DA:15,1
DA:17,1
DA:19,1
DA:20,1
DA:25,4
DA:26,2
DA:27,2
DA:29,1
DA:33,1
DA:35,4
DA:36,1
DA:38,1
DA:41,1
DA:43,2
DA:47,1
DA:49,2
DA:52,1
DA:54,1
LF:20
LH:20
end_of_record
SF:lib\app\modules\cart\core\cart_bindings.dart
DA:11,1
DA:12,4
DA:14,6
DA:16,4
DA:17,2
DA:18,2
LF:6
LH:6
end_of_record
SF:lib\app\modules\inventory\service\inventory_service.dart
DA:11,1
DA:16,1
DA:19,4
DA:20,1
DA:21,1
DA:22,1
DA:23,1
DA:28,1
DA:30,2
DA:33,1
DA:35,5
DA:36,2
DA:39,1
DA:41,2
DA:44,1
DA:47,4
DA:48,1
DA:49,2
DA:51,1
DA:55,1
DA:57,2
DA:60,1
DA:63,6
DA:65,4
DA:66,2
DA:67,2
DA:68,2
DA:75,1
DA:78,5
DA:80,2
DA:82,2
DA:84,1
DA:86,4
DA:87,1
DA:88,0
DA:89,0
DA:96,1
DA:98,2
DA:101,1
DA:102,3
LF:40
LH:38
end_of_record
SF:lib\app\modules\cart\entity\cart_item.g.dart
DA:9,1
DA:10,1
DA:11,1
DA:12,1
DA:13,1
DA:14,2
DA:18,0
DA:19,0
DA:20,0
DA:21,0
DA:22,0
LF:11
LH:6
end_of_record
SF:lib\app\modules\cart\entity\cart_item.dart
DA:15,1
DA:22,2
DA:24,0
LF:3
LH:2
end_of_record
SF:lib\app\core\components\custom_appbar.dart
DA:15,1
DA:17,1
DA:18,1
DA:19,1
DA:20,3
DA:21,3
DA:24,1
DA:25,3
DA:28,1
LF:9
LH:9
end_of_record
SF:lib\app\modules\overview\components\appbar_filter_popup.dart
DA:16,1
DA:18,1
DA:19,1
DA:20,2
DA:21,1
DA:22,1
DA:23,1
DA:26,1
DA:27,2
DA:31,1
DA:32,3
DA:33,2
DA:34,1
DA:35,2
DA:36,2
LF:15
LH:15
end_of_record
SF:lib\app\modules\overview\components\badge_shop_cart.dart
DA:19,1
DA:23,1
DA:25,2
DA:26,1
DA:27,1
DA:29,1
DA:30,3
DA:31,2
DA:33,2
DA:34,2
DA:37,1
DA:40,1
DA:41,1
DA:42,1
DA:43,1
DA:44,3
DA:45,1
DA:46,1
DA:47,5
DA:48,1
LF:20
LH:20
end_of_record
SF:lib\app\core\components\drawwer.dart
DA:22,1
DA:24,1
DA:25,2
DA:26,2
DA:27,1
DA:28,2
DA:36,1
DA:37,2
DA:45,1
DA:46,2
DA:54,1
DA:55,2
DA:63,3
DA:64,1
DA:66,1
DA:67,3
DA:68,2
DA:72,1
DA:82,1
DA:83,1
DA:85,1
DA:86,1
DA:87,1
DA:88,1
DA:89,0
DA:90,1
DA:91,0
DA:93,2
LF:28
LH:26
end_of_record
SF:lib\app\core\properties\app_routes.dart
DA:25,3
DA:26,1
DA:29,2
DA:30,1
DA:35,1
DA:37,4
DA:38,1
DA:39,1
DA:41,1
DA:42,4
DA:44,1
DA:46,4
DA:47,1
DA:49,1
DA:51,4
DA:52,1
DA:54,1
DA:56,2
LF:18
LH:18
end_of_record
SF:lib\app\core\components\snackbar\simple_snackbar.dart
DA:12,1
DA:14,1
DA:15,2
DA:16,1
DA:17,1
DA:18,2
LF:6
LH:6
end_of_record
SF:lib\app\core\components\snackbar\button_snackbar.dart
DA:13,1
DA:21,1
DA:22,1
DA:23,1
DA:24,1
DA:25,5
DA:26,2
DA:27,1
DA:28,4
DA:29,5
DA:30,2
DA:31,1
DA:32,1
DA:33,2
DA:35,1
DA:36,2
DA:37,2
DA:42,3
DA:43,3
LF:19
LH:19
end_of_record
SF:lib\app\modules\inventory\core\inventory_bindings.dart
DA:12,1
DA:13,2
DA:15,4
DA:17,4
DA:18,2
DA:19,2
DA:22,4
DA:23,2
LF:8
LH:8
end_of_record
SF:lib\app\modules\orders\core\orders_bindings.dart
DA:10,1
DA:11,4
DA:13,4
DA:14,2
DA:17,2
DA:18,0
LF:6
LH:5
end_of_record
SF:lib\app\modules\overview\core\overview_bindings.dart
DA:15,1
DA:16,2
DA:18,4
DA:20,2
DA:22,2
DA:23,0
DA:26,2
DA:27,0
DA:30,2
DA:32,2
DA:34,2
LF:11
LH:9
end_of_record
SF:lib\app\core\properties\theme\app_theme.dart
DA:6,1
DA:7,1
DA:11,1
LF:3
LH:3
end_of_record
SF:lib\app\core\shared_preferences\shared_prefs_repo.dart
DA:6,1
DA:7,2
DA:8,0
DA:12,0
DA:13,0
DA:14,0
DA:15,0
DA:17,0
DA:19,0
DA:20,0
DA:22,0
DA:23,0
DA:25,0
DA:26,0
DA:28,0
DA:29,0
LF:16
LH:2
end_of_record
SF:lib\app\modules\inventory\components\custom_form_field\custom_form_field.dart
DA:10,1
DA:12,1
DA:23,2
DA:24,1
DA:25,1
DA:35,1
DA:36,1
DA:37,1
DA:38,1
DA:39,1
DA:41,0
DA:42,2
DA:47,1
DA:48,2
DA:49,1
DA:53,1
DA:54,2
DA:55,2
DA:56,2
DA:57,1
DA:58,2
DA:59,1
DA:60,1
DA:61,2
LF:24
LH:23
end_of_record
SF:lib\app\modules\inventory\components\custom_form_field\field_properties\description_properties.dart
DA:7,1
DA:9,1
LF:2
LH:2
end_of_record
SF:lib\app\modules\inventory\components\custom_form_field\field_properties\price_properties.dart
DA:7,1
DA:16,1
LF:2
LH:2
end_of_record
SF:lib\app\modules\inventory\components\custom_form_field\field_properties\title_properties.dart
DA:7,1
DA:9,1
LF:2
LH:2
end_of_record
SF:lib\app\modules\inventory\components\custom_form_field\field_properties\url_properties.dart
DA:7,1
DA:9,1
LF:2
LH:2
end_of_record
SF:lib\app\modules\inventory\components\custom_form_field\field_validators\description_validator.dart
DA:10,1
DA:12,2
DA:13,1
DA:14,1
DA:15,1
LF:5
LH:5
end_of_record
SF:lib\app\modules\inventory\components\custom_form_field\field_validators\price_validator.dart
DA:10,1
DA:12,2
DA:13,1
DA:14,1
DA:15,1
LF:5
LH:5
end_of_record
SF:lib\app\modules\inventory\components\custom_form_field\field_validators\title_validator.dart
DA:10,1
DA:12,2
DA:13,1
DA:14,1
DA:15,1
LF:5
LH:5
end_of_record
SF:lib\app\modules\inventory\components\custom_form_field\field_validators\url_validator.dart
DA:10,1
DA:12,2
DA:13,1
DA:14,1
DA:15,1
DA:16,1
LF:6
LH:6
end_of_record
SF:lib\app\modules\inventory\repo\inventory_repo_firebase.dart
DA:15,1
DA:16,1
DA:17,2
DA:18,2
DA:19,1
DA:22,0
DA:24,0
DA:25,0
DA:26,0
DA:27,0
DA:28,0
DA:29,0
DA:31,0
DA:35,0
DA:36,0
DA:37,0
DA:38,0
DA:39,0
DA:40,0
DA:41,0
DA:42,0
DA:45,0
DA:47,0
DA:48,0
DA:49,0
DA:54,0
DA:55,0
DA:57,0
DA:58,0
DA:60,0
DA:61,0
DA:62,0
DA:63,0
DA:64,0
LF:34
LH:5
end_of_record
SF:lib\app\modules\orders\components\order_collapsable_tile_controller.dart
DA:6,0
DA:7,0
LF:2
LH:0
end_of_record
SF:lib\app\modules\orders\repo\orders_repo_firebase.dart
DA:15,0
DA:17,0
DA:18,0
DA:19,0
DA:20,0
DA:22,0
DA:27,0
DA:29,0
DA:30,0
DA:32,0
DA:34,0
DA:36,0
DA:37,0
DA:38,0
DA:39,0
DA:43,0
LF:16
LH:0
end_of_record
SF:lib\app\modules\overview\repo\overview_repo_firebase.dart
DA:15,0
DA:17,0
DA:18,0
DA:19,0
DA:20,0
DA:23,0
DA:25,0
DA:26,0
DA:27,0
DA:28,0
DA:29,0
DA:30,0
DA:31,0
DA:34,0
DA:35,0
DA:36,0
DA:37,0
DA:39,0
DA:40,0
DA:41,0
DA:42,0
DA:43,0
LF:22
LH:0
end_of_record
