SF:lib\app\modules\inventory\view\inventory_view.dart
DA:16,0
DA:18,0
DA:20,0
DA:21,0
DA:22,0
DA:23,0
DA:25,0
DA:30,0
DA:31,0
DA:32,0
DA:33,0
DA:35,0
DA:36,0
DA:37,0
DA:38,0
DA:39,0
DA:40,0
DA:41,0
DA:42,0
DA:43,0
DA:45,0
LF:21
LH:0
end_of_record
SF:lib\app\modules\overview\core\overview_widget_keys.dart
DA:4,3
DA:5,3
LF:2
LH:2
end_of_record
SF:lib\app\modules\overview\view\overview_view.dart
DA:14,1
DA:15,2
DA:16,1
DA:18,1
DA:19,1
DA:20,1
DA:21,2
DA:22,4
DA:23,1
DA:24,1
DA:25,2
DA:26,1
DA:28,1
DA:29,1
DA:30,2
DA:31,2
DA:32,3
DA:33,1
DA:35,1
LF:19
LH:19
end_of_record
SF:lib\app_driver.dart
DA:11,0
DA:18,1
DA:20,3
DA:21,0
DA:22,0
DA:24,1
DA:27,5
DA:29,1
LF:8
LH:5
end_of_record
SF:lib\app\modules\overview\components\overview_grid_item.dart
DA:21,1
DA:23,1
DA:25,5
DA:26,1
DA:27,1
DA:28,2
DA:29,1
DA:30,1
DA:31,1
DA:32,1
DA:33,1
DA:34,3
DA:35,0
DA:36,0
DA:37,3
DA:38,1
DA:39,3
DA:40,3
DA:41,3
DA:44,0
DA:45,0
DA:46,0
DA:47,0
DA:49,0
DA:51,0
DA:55,3
DA:56,6
DA:57,1
DA:58,3
DA:60,0
DA:61,0
DA:62,0
DA:65,0
DA:67,0
DA:68,0
DA:70,3
LF:36
LH:22
end_of_record
SF:lib\app\modules\cart\controller\cart_controller.dart
DA:16,1
DA:18,1
DA:19,1
DA:20,1
DA:23,0
DA:24,0
DA:27,0
DA:28,0
DA:29,0
DA:32,0
DA:33,0
DA:34,0
DA:37,1
DA:38,4
DA:39,4
DA:42,0
DA:43,0
DA:44,0
DA:47,0
DA:48,0
DA:49,0
DA:52,0
DA:53,0
DA:54,0
DA:55,0
DA:58,1
DA:59,2
DA:62,0
DA:63,0
LF:29
LH:9
end_of_record
SF:lib\app\modules\inventory\entity\product.g.dart
DA:9,1
DA:10,1
DA:11,1
DA:12,1
DA:13,1
DA:14,2
DA:15,1
DA:16,1
DA:20,0
DA:21,0
DA:22,0
DA:23,0
DA:24,0
DA:25,0
DA:26,0
LF:15
LH:8
end_of_record
SF:lib\app\modules\inventory\entity\product.dart
DA:17,1
DA:26,0
DA:34,2
DA:36,0
LF:4
LH:2
end_of_record
SF:lib\app\modules\orders\entity\order.dart
DA:17,0
DA:19,0
DA:21,0
DA:23,0
DA:24,0
DA:25,0
DA:26,0
DA:27,0
LF:8
LH:0
end_of_record
SF:lib\app\modules\orders\entity\order.g.dart
DA:9,0
DA:10,0
DA:11,0
DA:12,0
DA:13,0
DA:14,0
DA:15,0
DA:16,0
DA:20,0
DA:21,0
DA:22,0
DA:23,0
DA:24,0
LF:13
LH:0
end_of_record
SF:lib\app\modules\cart\components\dismissible_cart_item.dart
DA:16,0
DA:18,0
DA:19,0
DA:20,0
DA:21,0
DA:24,0
DA:25,0
DA:26,0
DA:27,0
DA:28,0
DA:31,0
DA:32,0
DA:33,0
DA:34,0
DA:35,0
DA:39,0
DA:40,0
DA:41,0
DA:42,0
DA:43,0
DA:44,0
DA:45,0
DA:46,0
DA:47,0
DA:48,0
DA:49,0
DA:50,0
DA:52,0
DA:53,0
DA:55,0
DA:56,0
DA:57,0
DA:59,0
DA:60,0
DA:61,0
DA:66,0
DA:67,0
DA:68,0
DA:69,0
LF:39
LH:0
end_of_record
SF:lib\app\modules\cart\view\cart_view.dart
DA:17,0
DA:19,0
DA:20,0
DA:22,0
DA:23,0
DA:24,0
DA:25,0
DA:27,0
DA:28,0
DA:29,0
DA:30,0
DA:31,0
DA:32,0
DA:33,0
DA:34,0
DA:35,0
DA:36,0
DA:37,0
DA:38,0
DA:39,0
DA:40,0
DA:41,0
DA:42,0
DA:44,0
DA:45,0
DA:46,0
DA:47,0
DA:48,0
DA:49,0
DA:50,0
DA:51,0
DA:52,0
DA:53,0
DA:54,0
DA:55,0
DA:56,0
DA:57,0
DA:58,0
DA:59,0
DA:60,0
DA:62,0
DA:63,0
DA:64,0
DA:65,0
DA:66,0
DA:67,0
DA:68,0
DA:69,0
DA:70,0
DA:71,0
DA:79,0
DA:80,0
DA:81,0
DA:83,0
DA:84,0
DA:85,0
DA:86,0
DA:91,0
DA:92,0
DA:93,0
DA:94,0
DA:96,0
DA:97,0
DA:99,0
DA:100,0
DA:101,0
DA:103,0
DA:104,0
DA:107,0
DA:109,0
DA:110,0
DA:111,0
DA:112,0
LF:73
LH:0
end_of_record
SF:lib\app\modules\inventory\controller\inventory_controller.dart
DA:12,1
DA:15,1
DA:18,3
DA:19,1
DA:20,1
DA:23,1
DA:24,3
DA:25,0
DA:29,0
DA:30,1
DA:33,0
DA:34,0
DA:37,0
DA:38,0
DA:41,0
DA:43,0
DA:45,0
DA:49,0
DA:50,0
DA:53,0
DA:55,0
DA:56,0
DA:57,0
DA:62,0
DA:68,0
DA:69,0
DA:72,0
DA:73,0
DA:76,0
DA:77,0
DA:80,0
DA:81,0
LF:32
LH:8
end_of_record
SF:lib\app\modules\inventory\components\inventory_item.dart
DA:19,0
DA:25,0
DA:27,0
DA:28,0
DA:29,0
DA:31,0
DA:32,0
DA:33,0
DA:34,0
DA:35,0
DA:37,0
DA:38,0
DA:39,0
DA:41,0
DA:42,0
DA:43,0
DA:44,0
DA:45,0
DA:48,0
DA:49,0
DA:50,0
DA:51,0
DA:52,0
DA:53,0
DA:54,0
DA:56,0
DA:57,0
DA:61,0
LF:28
LH:0
end_of_record
SF:lib\app\modules\inventory\core\inventory_keys.dart
DA:19,0
DA:20,0
LF:2
LH:0
end_of_record
SF:lib\app\modules\inventory\view\inventory_edit_view.dart
DA:27,0
DA:28,0
DA:49,0
DA:51,0
DA:52,0
DA:53,0
DA:56,0
DA:58,0
DA:59,0
DA:61,0
DA:62,0
DA:63,0
DA:64,0
DA:67,0
DA:68,0
DA:70,0
DA:73,0
DA:75,0
DA:76,0
DA:77,0
DA:78,0
DA:79,0
DA:80,0
DA:83,0
DA:85,0
DA:86,0
DA:87,0
DA:88,0
DA:89,0
DA:90,0
DA:91,0
DA:93,0
DA:95,0
DA:96,0
DA:97,0
DA:98,0
DA:99,0
DA:100,0
DA:101,0
DA:102,0
DA:103,0
DA:104,0
DA:105,0
DA:109,0
DA:110,0
DA:111,0
DA:112,0
DA:113,0
DA:117,0
DA:118,0
DA:119,0
DA:120,0
DA:121,0
DA:123,0
DA:124,0
DA:125,0
DA:129,0
DA:130,0
DA:131,0
DA:132,0
DA:133,0
DA:136,0
DA:137,0
DA:138,0
DA:139,0
DA:140,0
DA:141,0
DA:142,0
DA:144,0
DA:145,0
DA:146,0
DA:147,0
DA:151,0
DA:152,0
DA:153,0
DA:154,0
DA:159,0
DA:160,0
DA:163,0
DA:164,0
DA:165,0
DA:168,0
DA:172,0
DA:175,0
DA:177,0
DA:179,0
DA:181,0
DA:183,0
DA:184,0
DA:185,0
DA:187,0
DA:191,0
DA:193,0
DA:194,0
DA:195,0
DA:196,0
DA:197,0
DA:198,0
DA:199,0
DA:200,0
DA:201,0
DA:202,0
DA:207,0
DA:209,0
DA:210,0
DA:211,0
DA:212,0
DA:213,0
DA:214,0
DA:216,0
DA:217,0
DA:218,0
DA:224,0
DA:225,0
DA:228,0
DA:229,0
LF:116
LH:0
end_of_record
SF:lib\app\modules\orders\controller\orders_controller.dart
DA:12,0
DA:14,0
DA:15,0
DA:17,0
DA:18,0
DA:19,0
DA:20,0
DA:24,0
DA:25,0
DA:28,0
DA:29,0
DA:32,0
DA:33,0
LF:13
LH:0
end_of_record
SF:lib\app\core\components\custom_indicator.dart
DA:14,1
DA:16,0
DA:18,0
DA:20,1
DA:21,1
DA:25,1
DA:27,1
DA:28,3
DA:31,1
DA:32,1
DA:34,1
DA:35,3
DA:37,1
DA:38,4
DA:42,1
DA:44,1
DA:45,1
DA:46,5
DA:47,5
DA:49,2
DA:50,1
DA:51,6
LF:22
LH:20
end_of_record
SF:lib\app\modules\orders\components\order_collapsable_tile.dart
DA:14,0
DA:16,0
DA:18,0
DA:20,0
DA:21,0
DA:22,0
DA:23,0
DA:24,0
DA:25,0
DA:26,0
DA:28,0
DA:30,0
DA:31,0
DA:32,0
DA:33,0
DA:37,0
DA:39,0
DA:40,0
DA:41,0
DA:42,0
DA:43,0
DA:44,0
DA:45,0
DA:47,0
DA:48,0
DA:49,0
DA:50,0
DA:51,0
DA:52,0
DA:53,0
DA:54,0
DA:57,0
DA:58,0
DA:59,0
DA:60,0
DA:61,0
DA:62,0
DA:63,0
DA:65,0
DA:71,0
DA:72,0
DA:75,0
DA:76,0
DA:77,0
DA:80,0
DA:81,0
LF:46
LH:0
end_of_record
SF:lib\app\modules\orders\view\orders_view.dart
DA:14,0
DA:16,0
DA:18,0
DA:19,0
DA:20,0
DA:22,0
DA:23,0
DA:24,0
DA:25,0
DA:26,0
DA:27,0
DA:28,0
LF:12
LH:0
end_of_record
SF:lib\app\modules\overview\components\filter_favorite_enum.dart
DA:1,1
LF:1
LH:1
end_of_record
SF:lib\app\modules\overview\controller\overview_controller.dart
DA:13,1
DA:15,1
DA:17,2
DA:18,5
DA:19,1
DA:22,0
DA:23,0
DA:26,0
DA:27,0
DA:30,1
DA:31,2
DA:32,1
DA:34,3
DA:35,0
DA:36,2
DA:39,0
DA:41,0
DA:42,0
DA:43,0
DA:44,0
DA:50,0
DA:55,0
DA:56,0
DA:59,1
DA:60,4
DA:63,0
DA:64,0
DA:67,0
DA:68,0
DA:71,0
DA:72,0
DA:75,0
DA:76,0
LF:33
LH:12
end_of_record
SF:lib\app\modules\overview\service\overview_service.dart
DA:12,1
DA:14,0
DA:16,0
DA:19,0
DA:21,0
DA:24,0
DA:26,0
DA:27,0
DA:30,1
DA:32,4
DA:33,1
DA:34,1
DA:35,2
DA:36,1
DA:37,2
DA:40,1
DA:45,0
DA:48,0
DA:49,0
DA:50,0
DA:52,0
DA:54,0
DA:55,0
DA:56,0
DA:58,0
DA:59,0
DA:60,0
DA:61,0
DA:63,0
DA:64,0
DA:67,0
DA:69,0
DA:70,0
DA:75,0
DA:83,0
DA:84,0
DA:87,0
DA:88,0
DA:89,0
DA:92,0
DA:96,0
DA:100,0
DA:101,0
DA:104,0
DA:105,0
DA:106,0
DA:109,0
DA:113,1
DA:115,1
DA:116,1
DA:117,0
DA:119,3
DA:122,0
DA:124,0
DA:127,1
DA:129,2
DA:132,0
DA:134,0
DA:135,0
DA:138,1
DA:140,2
DA:141,2
DA:144,1
DA:145,2
DA:147,1
DA:148,0
DA:149,0
DA:152,1
DA:153,1
DA:156,1
DA:157,2
DA:158,2
LF:72
LH:26
end_of_record
SF:lib\app\modules\overview\view\overview_item_details_view.dart
DA:11,0
DA:13,0
DA:15,0
DA:16,0
DA:17,0
DA:18,0
DA:19,0
DA:20,0
DA:23,0
DA:24,0
DA:26,0
DA:28,0
DA:29,0
DA:30,0
DA:31,0
DA:32,0
DA:34,0
DA:36,0
LF:18
LH:0
end_of_record
SF:lib\app\core\properties\theme\app_theme_controller.dart
DA:12,0
DA:13,0
DA:14,0
DA:15,0
LF:4
LH:0
end_of_record
SF:lib\app\modules\cart\repo\cart_repo_firebase.dart
DA:12,1
DA:14,1
DA:17,0
DA:19,0
DA:20,0
DA:21,0
DA:24,0
DA:25,0
DA:29,0
DA:32,0
DA:33,0
DA:35,0
DA:36,0
DA:37,0
DA:38,0
DA:41,0
DA:43,0
DA:46,0
DA:49,0
LF:19
LH:2
end_of_record
SF:lib\app\modules\cart\service\cart_service.dart
DA:9,1
DA:11,1
DA:12,2
DA:15,0
DA:16,0
DA:20,0
DA:21,0
DA:25,0
DA:26,0
DA:29,0
DA:30,0
DA:33,1
DA:35,2
DA:36,0
DA:41,1
DA:43,2
LF:16
LH:7
end_of_record
SF:lib\app\modules\orders\service\orders_service.dart
DA:11,1
DA:13,0
DA:15,0
DA:17,0
DA:19,0
DA:20,0
DA:25,0
DA:26,0
DA:27,0
DA:29,0
DA:33,0
DA:35,0
DA:36,0
DA:38,0
DA:41,0
DA:43,0
DA:47,0
DA:49,0
DA:52,0
DA:54,0
LF:20
LH:1
end_of_record
SF:lib\app\modules\cart\core\cart_bindings.dart
DA:11,1
DA:12,4
DA:14,6
DA:16,4
DA:17,2
DA:18,2
LF:6
LH:6
end_of_record
SF:lib\app\modules\inventory\service\inventory_service.dart
DA:11,1
DA:16,1
DA:19,3
DA:20,0
DA:21,0
DA:22,0
DA:23,0
DA:28,0
DA:30,0
DA:33,0
DA:35,0
DA:36,0
DA:39,0
DA:41,0
DA:44,0
DA:47,0
DA:48,0
DA:49,0
DA:51,0
DA:55,0
DA:57,0
DA:60,0
DA:63,0
DA:65,0
DA:66,0
DA:67,0
DA:68,0
DA:75,0
DA:78,0
DA:80,0
DA:82,0
DA:84,0
DA:86,0
DA:87,0
DA:88,0
DA:89,0
DA:96,0
DA:98,0
DA:101,0
DA:102,0
LF:40
LH:3
end_of_record
SF:lib\app\modules\cart\entity\cart_item.dart
DA:15,0
DA:22,0
DA:24,0
LF:3
LH:0
end_of_record
SF:lib\app\modules\cart\entity\cart_item.g.dart
DA:9,0
DA:10,0
DA:11,0
DA:12,0
DA:13,0
DA:14,0
DA:18,0
DA:19,0
DA:20,0
DA:21,0
DA:22,0
LF:11
LH:0
end_of_record
SF:lib\app\core\components\custom_appbar.dart
DA:15,1
DA:17,1
DA:18,1
DA:19,1
DA:20,3
DA:21,3
DA:24,1
DA:25,3
DA:28,1
LF:9
LH:9
end_of_record
SF:lib\app\modules\overview\components\appbar_filter_popup.dart
DA:16,1
DA:18,1
DA:19,1
DA:20,0
DA:21,0
DA:22,0
DA:23,0
DA:26,0
DA:27,0
DA:31,0
DA:32,0
DA:33,0
DA:34,0
DA:35,0
DA:36,0
LF:15
LH:3
end_of_record
SF:lib\app\modules\overview\components\badge_shop_cart.dart
DA:19,1
DA:23,1
DA:25,2
DA:26,1
DA:27,1
DA:29,0
DA:30,0
DA:31,0
DA:33,0
DA:34,0
DA:37,1
DA:40,1
DA:41,1
DA:42,1
DA:43,1
DA:44,4
DA:45,1
DA:46,1
DA:47,5
DA:48,1
LF:20
LH:15
end_of_record
SF:lib\app\core\components\custom_drawer.dart
DA:22,0
DA:24,0
DA:25,0
DA:26,0
DA:27,0
DA:28,0
DA:29,0
DA:30,0
DA:38,0
DA:39,0
DA:47,0
DA:48,0
DA:56,0
DA:57,0
DA:65,0
DA:66,0
DA:68,0
DA:69,0
DA:70,0
DA:75,0
DA:85,0
DA:86,0
DA:88,0
DA:89,0
DA:90,0
DA:91,0
DA:92,0
DA:93,0
DA:94,0
DA:96,0
LF:30
LH:0
end_of_record
SF:lib\app\core\properties\app_routes.dart
DA:25,3
DA:26,1
DA:29,2
DA:30,1
DA:35,1
DA:37,0
DA:38,1
DA:39,1
DA:41,1
DA:42,0
DA:44,1
DA:46,0
DA:47,1
DA:49,1
DA:51,0
DA:52,1
DA:54,1
DA:56,0
LF:18
LH:13
end_of_record
SF:lib\app\core\components\custom_snackbar\simple_snackbar.dart
DA:12,0
DA:14,0
DA:15,0
DA:16,0
DA:17,0
DA:18,0
LF:6
LH:0
end_of_record
SF:lib\app\core\components\custom_snackbar\button_snackbar.dart
DA:13,0
DA:21,0
DA:22,0
DA:23,0
DA:24,0
DA:25,0
DA:26,0
DA:27,0
DA:28,0
DA:29,0
DA:30,0
DA:31,0
DA:32,0
DA:33,0
DA:35,0
DA:36,0
DA:37,0
DA:42,0
DA:43,0
LF:19
LH:0
end_of_record
SF:lib\app\modules\inventory\core\inventory_bindings.dart
DA:12,1
DA:13,2
DA:15,4
DA:17,4
DA:18,2
DA:19,2
DA:22,4
DA:23,2
LF:8
LH:8
end_of_record
SF:lib\app\modules\orders\core\orders_bindings.dart
DA:10,1
DA:11,4
DA:13,4
DA:14,2
DA:17,2
DA:18,0
LF:6
LH:5
end_of_record
SF:lib\app\modules\overview\core\overview_bindings.dart
DA:15,1
DA:16,2
DA:18,4
DA:20,4
DA:22,4
DA:23,2
DA:26,4
DA:27,2
DA:30,2
DA:32,2
DA:34,2
LF:11
LH:11
end_of_record
SF:lib\app\core\properties\theme\app_theme.dart
DA:6,1
DA:7,1
DA:11,1
DA:12,1
LF:4
LH:4
end_of_record
SF:lib\app\core\shared_preferences\shared_prefs_repo.dart
DA:6,1
DA:7,2
DA:8,0
DA:12,0
DA:13,0
DA:14,0
DA:15,0
DA:16,0
DA:18,0
DA:19,0
DA:21,0
DA:22,0
DA:24,0
DA:25,0
DA:27,0
DA:28,0
LF:16
LH:2
end_of_record
SF:lib\app\modules\inventory\components\custom_form_field\custom_form_field.dart
DA:10,0
DA:12,0
DA:23,0
DA:24,0
DA:25,0
DA:35,0
DA:36,0
DA:37,0
DA:38,0
DA:39,0
DA:41,0
DA:42,0
DA:47,0
DA:48,0
DA:49,0
DA:53,0
DA:54,0
DA:55,0
DA:56,0
DA:57,0
DA:58,0
DA:59,0
DA:60,0
DA:61,0
LF:24
LH:0
end_of_record
SF:lib\app\modules\inventory\components\custom_form_field\field_properties\description_properties.dart
DA:7,0
DA:9,0
LF:2
LH:0
end_of_record
SF:lib\app\modules\inventory\components\custom_form_field\field_properties\price_properties.dart
DA:7,0
DA:16,0
LF:2
LH:0
end_of_record
SF:lib\app\modules\inventory\components\custom_form_field\field_properties\title_properties.dart
DA:7,0
DA:9,0
LF:2
LH:0
end_of_record
SF:lib\app\modules\inventory\components\custom_form_field\field_properties\url_properties.dart
DA:7,0
DA:9,0
LF:2
LH:0
end_of_record
SF:lib\app\modules\inventory\components\custom_form_field\field_validators\description_validator.dart
DA:10,0
DA:12,0
DA:13,0
DA:14,0
DA:15,0
LF:5
LH:0
end_of_record
SF:lib\app\modules\inventory\components\custom_form_field\field_validators\price_validator.dart
DA:10,0
DA:12,0
DA:13,0
DA:14,0
DA:15,0
LF:5
LH:0
end_of_record
SF:lib\app\modules\inventory\components\custom_form_field\field_validators\title_validator.dart
DA:10,0
DA:12,0
DA:13,0
DA:14,0
DA:15,0
LF:5
LH:0
end_of_record
SF:lib\app\modules\inventory\components\custom_form_field\field_validators\url_validator.dart
DA:10,0
DA:12,0
DA:13,0
DA:14,0
DA:15,0
DA:16,0
LF:6
LH:0
end_of_record
SF:lib\app\modules\inventory\repo\inventory_repo_firebase.dart
DA:16,1
DA:17,1
DA:18,2
DA:19,2
DA:20,1
DA:23,0
DA:25,0
DA:26,0
DA:27,0
DA:28,0
DA:29,0
DA:30,0
DA:32,0
DA:36,0
DA:37,0
DA:38,0
DA:39,0
DA:40,0
DA:41,0
DA:42,0
DA:43,0
DA:46,0
DA:48,0
DA:49,0
DA:50,0
DA:55,0
DA:56,0
DA:58,0
DA:59,0
DA:61,0
DA:62,0
DA:63,0
DA:64,0
DA:65,0
LF:34
LH:5
end_of_record
SF:lib\app\modules\orders\components\order_collapsable_tile_controller.dart
DA:6,0
DA:7,0
LF:2
LH:0
end_of_record
SF:lib\app\modules\orders\repo\orders_repo_firebase.dart
DA:15,0
DA:17,0
DA:18,0
DA:19,0
DA:20,0
DA:22,0
DA:27,0
DA:29,0
DA:30,0
DA:32,0
DA:34,0
DA:36,0
DA:37,0
DA:38,0
DA:39,0
DA:43,0
LF:16
LH:0
end_of_record
SF:lib\app\modules\overview\repo\overview_repo_firebase.dart
DA:15,1
DA:17,1
DA:18,1
DA:19,2
DA:20,1
DA:23,0
DA:25,0
DA:26,0
DA:27,0
DA:28,0
DA:29,0
DA:30,0
DA:31,0
DA:34,0
DA:35,0
DA:36,0
DA:37,0
DA:39,0
DA:40,0
DA:41,0
DA:42,0
DA:43,0
LF:22
LH:5
end_of_record
